[2026-01-16T22:14:16] INFO: Registered student: H (1) - 50 images captured
[2026-01-16T22:14:46] INFO: Model trained successfully: 50 faces, 1 unique students
[2026-01-16T22:15:09] INFO: Marked: H (1) - Confidence: 44.67
[2026-01-16T22:16:22] INFO: Attendance saved: English_2026-01-16_22-16-22.csv
[2026-01-16T22:16:31] INFO: Marked: H (1) - Confidence: 44.48
[2026-01-16T22:16:40] INFO: Attendance saved: English_2026-01-16_22-16-40.csv
[2026-01-16T22:34:47] INFO: Dashboard launched
[2026-01-16T22:37:48] INFO: Marked: H (1)
[2026-01-16T22:38:41] INFO: Attendance saved: Hindi_2026-01-16_22-38-41.csv
[2026-01-16T22:47:14] INFO: Dashboard launched
[2026-01-16T22:47:43] INFO: Admin login: Heeralal
[2026-01-16T22:49:47] INFO: Admin Heeralal downloaded 3 reports
[2026-01-16T22:50:12] INFO: Registered student: H (1) - 50 images captured
[2026-01-16T22:50:38] INFO: Marked: H (1)
[2026-01-16T22:51:33] INFO: Attendance saved: Math_2026-01-16_22-51-33.csv
[2026-01-16T22:55:54] INFO: Marked: H (1)
[2026-01-16T22:56:16] INFO: Attendance saved: English_2026-01-16_22-56-16.csv
[2026-01-16T23:05:10] INFO: Dashboard launched
[2026-01-16T23:06:05] INFO: Admin login: Heeralal
[2026-01-16T23:08:30] INFO: Marked: H (1)
[2026-01-16T23:09:33] INFO: Attendance saved: Hindi_2026-01-16_23-09-33.csv
[2026-01-16T23:10:01] INFO: Registered student: a (2) - 30 images captured
[2026-01-16T23:10:14] INFO: Registered student: a (2) - 30 images captured
[2026-01-16T23:10:32] INFO: Marked: H (1)
[2026-01-16T23:10:59] INFO: Attendance saved: Hindi_2026-01-16_23-10-59.csv
[2026-01-16T23:11:57] INFO: Registered student: s (3) - 30 images captured
[2026-01-16T23:12:45] INFO: Marked: H (1)
[2026-01-16T23:13:26] INFO: Attendance saved: Hindi_2026-01-16_23-13-26.csv
[2026-01-16T23:13:37] INFO: Admin logout
[2026-01-16T23:15:15] INFO: Admin login: Heeralal
[2026-01-16T23:15:31] INFO: Model trained successfully: 108 faces, 3 unique students
[2026-01-16T23:15:41] INFO: Model trained successfully: 108 faces, 3 unique students
[2026-01-16T23:16:08] INFO: Marked: H (1)
[2026-01-16T23:16:34] INFO: Attendance saved: Hindi_2026-01-16_23-16-34.csv
[2026-01-16T23:26:45] INFO: Dashboard launched
[2026-01-16T23:27:07] INFO: Admin login: Heeralal
[2026-01-16T23:27:17] ERROR: Error processing English_2026-01-16_22-16-22.csv: 'MergedCell' object has no attribute 'column_letter'
[2026-01-16T23:27:17] ERROR: Error processing English_2026-01-16_22-16-40.csv: 'MergedCell' object has no attribute 'column_letter'
[2026-01-16T23:27:17] ERROR: Error processing English_2026-01-16_22-56-16.csv: 'MergedCell' object has no attribute 'column_letter'
[2026-01-16T23:27:17] ERROR: Error processing Hindi_2026-01-16_22-38-41.csv: 'MergedCell' object has no attribute 'column_letter'
[2026-01-16T23:27:17] ERROR: Error processing Hindi_2026-01-16_23-09-33.csv: 'MergedCell' object has no attribute 'column_letter'
[2026-01-16T23:27:17] ERROR: Error processing Hindi_2026-01-16_23-10-59.csv: 'MergedCell' object has no attribute 'column_letter'
[2026-01-16T23:27:17] ERROR: Error processing Hindi_2026-01-16_23-13-26.csv: 'MergedCell' object has no attribute 'column_letter'
[2026-01-16T23:27:17] ERROR: Error processing Hindi_2026-01-16_23-16-34.csv: 'MergedCell' object has no attribute 'column_letter'
[2026-01-16T23:27:17] ERROR: Error processing Math_2026-01-16_22-51-33.csv: 'MergedCell' object has no attribute 'column_letter'
[2026-01-16T23:27:57] ERROR: Report download error: 'MergedCell' object has no attribute 'column_letter'
[2026-01-16T23:30:16] INFO: Dashboard launched
[2026-01-16T23:30:35] INFO: Admin login: Heeralal
[2026-01-16T23:30:50] INFO: Admin Heeralal downloaded Excel report with 9 sessions
[2026-01-16T23:33:35] INFO: Admin Heeralal downloaded Excel report with 9 sessions
[2026-01-16T23:34:37] INFO: Marked: H (1)
[2026-01-16T23:34:51] INFO: Attendance saved: Hindi_2026-01-16_23-34-51.csv
